<?xml version="1.0" encoding="UTF-8"?>
<!-- Generated by org.testng.reporters.JUnitReportReporter -->
<testsuite hostname="WIN-GD817GVGK1S" failures="0" tests="13" name="com.ShoppingDemo.TestNG" time="37.956" errors="0" timestamp="2025-03-04T23:40:14 GMT+06:00" skipped="0">
  <testcase classname="com.ShoppingDemo.TestNG" name="verifyPageTitle" time="1.497"/>
  <system-out/>
  <testcase classname="com.ShoppingDemo.TestNG" name="verifyTakingInputs" time="3.466"/>
  <system-out/>
  <testcase classname="com.ShoppingDemo.TestNG" name="verifyInvalidDataInputs" time="2.668"/>
  <system-out/>
  <testcase classname="com.ShoppingDemo.TestNG" name="verifyLogin" time="2.396"/>
  <system-out/>
  <testcase classname="com.ShoppingDemo.TestNG" name="addToCartfromProductDetails" time="3.425"/>
  <system-out/>
  <testcase classname="com.ShoppingDemo.TestNG" name="verifyClickBackToProducts" time="1.745"/>
  <system-out/>
  <testcase classname="com.ShoppingDemo.TestNG" name="verifyOpenCart" time="1.693"/>
  <system-out/>
  <testcase classname="com.ShoppingDemo.TestNG" name="verifyGoingBackToInventory" time="3.356"/>
  <system-out/>
  <testcase classname="com.ShoppingDemo.TestNG" name="verifyAddingToCartFromInventory" time="1.818"/>
  <system-out/>
  <testcase classname="com.ShoppingDemo.TestNG" name="verifyRemovingItemFromCart" time="1.661"/>
  <system-out/>
  <testcase classname="com.ShoppingDemo.TestNG" name="verifyInsertingAddress" time="10.131"/>
  <system-out/>
  <testcase classname="com.ShoppingDemo.TestNG" name="socialMedia" time="0.801"/>
  <system-out/>
  <testcase classname="com.ShoppingDemo.TestNG" name="verifyLogout" time="3.299"/>
  <system-out/>
</testsuite> <!-- com.ShoppingDemo.TestNG -->
