<?xml version="1.0" encoding="UTF-8"?>
<!-- Generated by org.testng.reporters.JUnitReportReporter -->
<testsuite hostname="WIN-GD817GVGK1S" failures="0" tests="4" name="com.ShoppingDemo.TesTNGS" time="28.425" errors="0" timestamp="2025-03-04T14:36:51 GMT+06:00" skipped="0">
  <testcase classname="com.ShoppingDemo.TesTNGS" name="loginTest" time="2.612"/>
  <system-out/>
  <testcase classname="com.ShoppingDemo.TesTNGS" name="addToCartTest" time="4.534"/>
  <system-out/>
  <testcase classname="com.ShoppingDemo.TesTNGS" name="checkoutTest" time="12.085"/>
  <system-out/>
  <testcase classname="com.ShoppingDemo.TesTNGS" name="socialMediaLinksTest" time="9.194"/>
  <system-out/>
</testsuite> <!-- com.ShoppingDemo.TesTNGS -->
